[0m19:58:39.521219 [debug] [MainThread]: Sending event: {'category': 'dbt', 'action': 'invocation', 'label': 'start', 'context': [<snowplow_tracker.self_describing_json.SelfDescribingJson object at 0x0000021F47ED12B0>, <snowplow_tracker.self_describing_json.SelfDescribingJson object at 0x0000021F48070EF0>, <snowplow_tracker.self_describing_json.SelfDescribingJson object at 0x0000021F48070DA0>]}


============================== 19:58:39.527425 | d8cd4cfd-ac31-4d74-9c0f-2e9e4e65aaf2 ==============================
[0m19:58:39.527425 [info ] [MainThread]: Running with dbt=1.7.9
[0m19:58:39.529394 [debug] [MainThread]: running dbt with arguments {'printer_width': '80', 'indirect_selection': 'eager', 'log_cache_events': 'False', 'write_json': 'True', 'partial_parse': 'True', 'cache_selected_only': 'False', 'profiles_dir': 'C:\\Users\\GL65\\.dbt', 'version_check': 'True', 'debug': 'False', 'log_path': 'logs', 'warn_error': 'None', 'fail_fast': 'False', 'use_colors': 'True', 'use_experimental_parser': 'False', 'no_print': 'None', 'quiet': 'False', 'warn_error_options': 'WarnErrorOptions(include=[], exclude=[])', 'static_parser': 'True', 'invocation_command': 'dbt init', 'introspect': 'True', 'target_path': 'None', 'log_format': 'default', 'send_anonymous_usage_stats': 'True'}
[0m19:58:57.841623 [debug] [MainThread]: Starter project path: C:\Users\GL65\Desktop\Worker\ECommercePlatform\ecommerce-dependencies\Lib\site-packages\dbt\include\starter_project
[0m19:58:57.872423 [info ] [MainThread]: 
Your new dbt project "ecommerce_data_platform" was created!

For more information on how to configure the profiles.yml file,
please consult the dbt documentation here:

  https://docs.getdbt.com/docs/configure-your-profile

One more thing:

Need help? Don't hesitate to reach out to us via GitHub issues or on Slack:

  https://community.getdbt.com/

Happy modeling!

[0m19:58:57.874075 [info ] [MainThread]: Setting up your profile.
[0m20:02:41.067477 [info ] [MainThread]: Profile ecommerce_data_platform written to C:\Users\GL65\.dbt\profiles.yml using target's profile_template.yml and your supplied values. Run 'dbt debug' to validate the connection.
[0m20:02:41.071006 [debug] [MainThread]: Command `dbt init` succeeded at 20:02:41.071006 after 241.79 seconds
[0m20:02:41.072002 [debug] [MainThread]: Sending event: {'category': 'dbt', 'action': 'invocation', 'label': 'end', 'context': [<snowplow_tracker.self_describing_json.SelfDescribingJson object at 0x0000021F47DF4A70>, <snowplow_tracker.self_describing_json.SelfDescribingJson object at 0x0000021F48DF4290>, <snowplow_tracker.self_describing_json.SelfDescribingJson object at 0x0000021F48AF3650>]}
[0m20:02:41.074005 [debug] [MainThread]: Flushing usage events
[0m20:06:08.951327 [debug] [MainThread]: Sending event: {'category': 'dbt', 'action': 'invocation', 'label': 'start', 'context': [<snowplow_tracker.self_describing_json.SelfDescribingJson object at 0x0000026075792330>, <snowplow_tracker.self_describing_json.SelfDescribingJson object at 0x0000026075791160>, <snowplow_tracker.self_describing_json.SelfDescribingJson object at 0x0000026075791550>]}


============================== 20:06:08.956364 | e5e4f162-b154-4945-b61f-ddc15d47ab9d ==============================
[0m20:06:08.956364 [info ] [MainThread]: Running with dbt=1.7.9
[0m20:06:08.957581 [debug] [MainThread]: running dbt with arguments {'printer_width': '80', 'indirect_selection': 'eager', 'write_json': 'True', 'log_cache_events': 'False', 'partial_parse': 'True', 'cache_selected_only': 'False', 'warn_error': 'None', 'version_check': 'True', 'debug': 'False', 'log_path': 'logs', 'fail_fast': 'False', 'profiles_dir': 'C:\\Users\\GL65\\.dbt', 'use_colors': 'True', 'use_experimental_parser': 'False', 'no_print': 'None', 'quiet': 'False', 'warn_error_options': 'WarnErrorOptions(include=[], exclude=[])', 'invocation_command': 'dbt test', 'static_parser': 'True', 'log_format': 'default', 'target_path': 'None', 'introspect': 'True', 'send_anonymous_usage_stats': 'True'}
[0m20:06:08.958546 [error] [MainThread]: Encountered an error:
Runtime Error
  No dbt_project.yml found at expected path C:\Users\GL65\Desktop\Worker\ECommercePlatform\looker-ecommerce-analysis\dbt_project.yml
  Verify that each entry within packages.yml (and their transitive dependencies) contains a file named dbt_project.yml
  
[0m20:06:08.960553 [debug] [MainThread]: Command `dbt test` failed at 20:06:08.960553 after 0.25 seconds
[0m20:06:08.960553 [debug] [MainThread]: Sending event: {'category': 'dbt', 'action': 'invocation', 'label': 'end', 'context': [<snowplow_tracker.self_describing_json.SelfDescribingJson object at 0x000002607517DDF0>, <snowplow_tracker.self_describing_json.SelfDescribingJson object at 0x0000026075342390>, <snowplow_tracker.self_describing_json.SelfDescribingJson object at 0x00000260755CC800>]}
[0m20:06:08.961590 [debug] [MainThread]: Flushing usage events
[0m20:06:25.951710 [debug] [MainThread]: Sending event: {'category': 'dbt', 'action': 'invocation', 'label': 'start', 'context': [<snowplow_tracker.self_describing_json.SelfDescribingJson object at 0x000002C38EFAE840>, <snowplow_tracker.self_describing_json.SelfDescribingJson object at 0x000002C3914954F0>, <snowplow_tracker.self_describing_json.SelfDescribingJson object at 0x000002C391494EF0>]}


============================== 20:06:25.956672 | fd9de96d-1f04-47d3-8a44-26a11ffd1d6b ==============================
[0m20:06:25.956672 [info ] [MainThread]: Running with dbt=1.7.9
[0m20:06:25.957638 [debug] [MainThread]: running dbt with arguments {'printer_width': '80', 'indirect_selection': 'eager', 'log_cache_events': 'False', 'write_json': 'True', 'partial_parse': 'True', 'cache_selected_only': 'False', 'profiles_dir': 'C:\\Users\\GL65\\.dbt', 'fail_fast': 'False', 'debug': 'False', 'log_path': 'logs', 'version_check': 'True', 'warn_error': 'None', 'use_colors': 'True', 'use_experimental_parser': 'False', 'no_print': 'None', 'quiet': 'False', 'log_format': 'default', 'introspect': 'True', 'invocation_command': 'dbt debug', 'static_parser': 'True', 'target_path': 'None', 'warn_error_options': 'WarnErrorOptions(include=[], exclude=[])', 'send_anonymous_usage_stats': 'True'}
[0m20:06:25.958633 [info ] [MainThread]: dbt version: 1.7.9
[0m20:06:25.959637 [info ] [MainThread]: python version: 3.12.0
[0m20:06:25.959637 [info ] [MainThread]: python path: C:\Users\GL65\Desktop\Worker\ECommercePlatform\ecommerce-dependencies\Scripts\python.exe
[0m20:06:25.961680 [info ] [MainThread]: os info: Windows-11-10.0.26063-SP0
[0m20:06:26.817578 [info ] [MainThread]: Using profiles dir at C:\Users\GL65\.dbt
[0m20:06:26.818622 [info ] [MainThread]: Using profiles.yml file at C:\Users\GL65\.dbt\profiles.yml
[0m20:06:26.819587 [info ] [MainThread]: Using dbt_project.yml file at C:\Users\GL65\Desktop\Worker\ECommercePlatform\looker-ecommerce-analysis\dbt_project.yml
[0m20:06:26.823119 [info ] [MainThread]: adapter type: bigquery
[0m20:06:26.825117 [info ] [MainThread]: adapter version: 1.7.6
[0m20:06:26.826111 [info ] [MainThread]: Configuration:
[0m20:06:26.827115 [info ] [MainThread]:   profiles.yml file [[32mOK found and valid[0m]
[0m20:06:26.828117 [info ] [MainThread]:   dbt_project.yml file [[31mERROR not found[0m]
[0m20:06:26.829109 [info ] [MainThread]: Required dependencies:
[0m20:06:26.831759 [debug] [MainThread]: Executing "git --help"
[0m20:06:26.900459 [debug] [MainThread]: STDOUT: "b"usage: git [-v | --version] [-h | --help] [-C <path>] [-c <name>=<value>]\n           [--exec-path[=<path>]] [--html-path] [--man-path] [--info-path]\n           [-p | --paginate | -P | --no-pager] [--no-replace-objects] [--bare]\n           [--git-dir=<path>] [--work-tree=<path>] [--namespace=<name>]\n           [--super-prefix=<path>] [--config-env=<name>=<envvar>]\n           <command> [<args>]\n\nThese are common Git commands used in various situations:\n\nstart a working area (see also: git help tutorial)\n   clone     Clone a repository into a new directory\n   init      Create an empty Git repository or reinitialize an existing one\n\nwork on the current change (see also: git help everyday)\n   add       Add file contents to the index\n   mv        Move or rename a file, a directory, or a symlink\n   restore   Restore working tree files\n   rm        Remove files from the working tree and from the index\n\nexamine the history and state (see also: git help revisions)\n   bisect    Use binary search to find the commit that introduced a bug\n   diff      Show changes between commits, commit and working tree, etc\n   grep      Print lines matching a pattern\n   log       Show commit logs\n   show      Show various types of objects\n   status    Show the working tree status\n\ngrow, mark and tweak your common history\n   branch    List, create, or delete branches\n   commit    Record changes to the repository\n   merge     Join two or more development histories together\n   rebase    Reapply commits on top of another base tip\n   reset     Reset current HEAD to the specified state\n   switch    Switch branches\n   tag       Create, list, delete or verify a tag object signed with GPG\n\ncollaborate (see also: git help workflows)\n   fetch     Download objects and refs from another repository\n   pull      Fetch from and integrate with another repository or a local branch\n   push      Update remote refs along with associated objects\n\n'git help -a' and 'git help -g' list available subcommands and some\nconcept guides. See 'git help <command>' or 'git help <concept>'\nto read about a specific subcommand or concept.\nSee 'git help git' for an overview of the system.\n""
[0m20:06:26.901469 [debug] [MainThread]: STDERR: "b''"
[0m20:06:26.902730 [info ] [MainThread]:  - git [[32mOK found[0m]

[0m20:06:26.903738 [info ] [MainThread]: Connection:
[0m20:06:26.904734 [info ] [MainThread]:   method: service-account
[0m20:06:26.905730 [info ] [MainThread]:   database: ecommerce-data-platform
[0m20:06:26.905730 [info ] [MainThread]:   execution_project: ecommerce-data-platform
[0m20:06:26.906760 [info ] [MainThread]:   schema: ecommerce_table_source
[0m20:06:26.907734 [info ] [MainThread]:   location: US
[0m20:06:26.908733 [info ] [MainThread]:   priority: interactive
[0m20:06:26.909737 [info ] [MainThread]:   maximum_bytes_billed: None
[0m20:06:26.909737 [info ] [MainThread]:   impersonate_service_account: None
[0m20:06:26.911319 [info ] [MainThread]:   job_retry_deadline_seconds: None
[0m20:06:26.912253 [info ] [MainThread]:   job_retries: 1
[0m20:06:26.913258 [info ] [MainThread]:   job_creation_timeout_seconds: None
[0m20:06:26.915255 [info ] [MainThread]:   job_execution_timeout_seconds: 500
[0m20:06:26.917263 [info ] [MainThread]:   keyfile: C:\Users\GL65\Desktop\Worker\ECommercePlatform\looker-ecommerce-analysis\ecommerce-data-platform-ada8838f133f.json
[0m20:06:26.917263 [info ] [MainThread]:   timeout_seconds: 500
[0m20:06:26.919263 [info ] [MainThread]:   client_id: None
[0m20:06:26.920253 [info ] [MainThread]:   token_uri: None
[0m20:06:26.921355 [info ] [MainThread]:   dataproc_region: None
[0m20:06:26.923343 [info ] [MainThread]:   dataproc_cluster_name: None
[0m20:06:26.924347 [info ] [MainThread]:   gcs_bucket: None
[0m20:06:26.925344 [info ] [MainThread]:   dataproc_batch: None
[0m20:06:26.926348 [info ] [MainThread]: Registered adapter: bigquery=1.7.6
[0m20:06:26.927350 [debug] [MainThread]: Acquiring new bigquery connection 'debug'
[0m20:06:26.928378 [debug] [MainThread]: Opening a new connection, currently in state init
[0m20:06:26.931352 [debug] [MainThread]: On debug: select 1 as id
[0m20:06:29.113145 [debug] [MainThread]: BigQuery adapter: https://console.cloud.google.com/bigquery?project=ecommerce-data-platform&j=bq:US:564acb5d-64c7-4428-a93e-49793e125131&page=queryresults
[0m20:06:29.993565 [info ] [MainThread]:   Connection test: [[32mOK connection ok[0m]

[0m20:06:29.995562 [info ] [MainThread]: [31m1 check failed:[0m
[0m20:06:29.996572 [info ] [MainThread]: Project loading failed for the following reason:
 project path <C:\Users\GL65\Desktop\Worker\ECommercePlatform\looker-ecommerce-analysis\dbt_project.yml> not found

[0m20:06:29.997561 [debug] [MainThread]: Command `dbt debug` failed at 20:06:29.997561 after 4.19 seconds
[0m20:06:29.998561 [debug] [MainThread]: Connection 'debug' was properly closed.
[0m20:06:29.999561 [debug] [MainThread]: Sending event: {'category': 'dbt', 'action': 'invocation', 'label': 'end', 'context': [<snowplow_tracker.self_describing_json.SelfDescribingJson object at 0x000002C3914954F0>, <snowplow_tracker.self_describing_json.SelfDescribingJson object at 0x000002C3924B57C0>, <snowplow_tracker.self_describing_json.SelfDescribingJson object at 0x000002C3935EC710>]}
[0m20:06:29.999561 [debug] [MainThread]: Flushing usage events
[0m19:39:51.580536 [debug] [MainThread]: Sending event: {'category': 'dbt', 'action': 'invocation', 'label': 'start', 'context': [<snowplow_tracker.self_describing_json.SelfDescribingJson object at 0x0000026CB5E0E570>, <snowplow_tracker.self_describing_json.SelfDescribingJson object at 0x0000026CB5CFDBE0>, <snowplow_tracker.self_describing_json.SelfDescribingJson object at 0x0000026CB5E0E9C0>]}


============================== 19:39:51.586929 | 8d957870-df3e-4df6-bf37-9b7f3b9e8cea ==============================
[0m19:39:51.586929 [info ] [MainThread]: Running with dbt=1.7.8
[0m19:39:51.587969 [debug] [MainThread]: running dbt with arguments {'printer_width': '80', 'indirect_selection': 'eager', 'log_cache_events': 'False', 'write_json': 'True', 'partial_parse': 'True', 'cache_selected_only': 'False', 'warn_error': 'None', 'fail_fast': 'False', 'profiles_dir': 'C:\\Users\\GL65\\.dbt', 'log_path': 'logs', 'debug': 'False', 'version_check': 'True', 'use_colors': 'True', 'use_experimental_parser': 'False', 'no_print': 'None', 'quiet': 'False', 'warn_error_options': 'WarnErrorOptions(include=[], exclude=[])', 'introspect': 'True', 'static_parser': 'True', 'invocation_command': 'dbt run -s stg_fct_mobile_events --full-refresh', 'target_path': 'None', 'log_format': 'default', 'send_anonymous_usage_stats': 'True'}
[0m19:39:51.588958 [error] [MainThread]: Encountered an error:
Runtime Error
  No dbt_project.yml found at expected path C:\Users\GL65\Desktop\Worker\ECommercePlatform\looker-ecommerce-analysis\dbt_project.yml
  Verify that each entry within packages.yml (and their transitive dependencies) contains a file named dbt_project.yml
  
[0m19:39:51.589931 [debug] [MainThread]: Command `dbt run` failed at 19:39:51.589931 after 0.09 seconds
[0m19:39:51.590954 [debug] [MainThread]: Sending event: {'category': 'dbt', 'action': 'invocation', 'label': 'end', 'context': [<snowplow_tracker.self_describing_json.SelfDescribingJson object at 0x0000026CB5D2AD80>, <snowplow_tracker.self_describing_json.SelfDescribingJson object at 0x0000026CAF194800>, <snowplow_tracker.self_describing_json.SelfDescribingJson object at 0x0000026CB560D070>]}
[0m19:39:51.590954 [debug] [MainThread]: Flushing usage events
